<component name="libraryTable">
  <library name="junit-4.13-beta-1">
    <CLASSES />
    <JAVADOC />
    <SOURCES />
  </library>
</component>